  Determining projects to restore...
  All projects are up-to-date for restore.
  SharedModels -> D:\QuanLyQuanNet\SharedModels\bin\Debug\net10.0\SharedModels.dll
D:\QuanLyQuanNet\ServerAdmin\NetworkServer.cs(192,23): warning CS8618: Non-nullable property 'Action' must contain a non-null value when exiting constructor. Consider adding the 'required' modifier or declaring the property as nullable. [D:\QuanLyQuanNet\ServerAdmin\ServerAdmin.csproj]
D:\QuanLyQuanNet\ServerAdmin\NetworkServer.cs(193,23): warning CS8618: Non-nullable property 'Payload' must contain a non-null value when exiting constructor. Consider adding the 'required' modifier or declaring the property as nullable. [D:\QuanLyQuanNet\ServerAdmin\ServerAdmin.csproj]
D:\QuanLyQuanNet\ServerAdmin\NetworkServer.cs(198,23): warning CS8618: Non-nullable property 'Username' must contain a non-null value when exiting constructor. Consider adding the 'required' modifier or declaring the property as nullable. [D:\QuanLyQuanNet\ServerAdmin\ServerAdmin.csproj]
D:\QuanLyQuanNet\ServerAdmin\NetworkServer.cs(199,23): warning CS8618: Non-nullable property 'Password' must contain a non-null value when exiting constructor. Consider adding the 'required' modifier or declaring the property as nullable. [D:\QuanLyQuanNet\ServerAdmin\ServerAdmin.csproj]
D:\QuanLyQuanNet\ServerAdmin\Form1.cs(14,22): warning CS8622: Nullability of reference types in type of parameter 'sender' of 'void Form1.Form1_Load(object sender, EventArgs e)' doesn't match the target delegate 'EventHandler' (possibly because of nullability attributes). [D:\QuanLyQuanNet\ServerAdmin\ServerAdmin.csproj]
D:\QuanLyQuanNet\ServerAdmin\Form1.cs(15,29): warning CS8622: Nullability of reference types in type of parameter 'sender' of 'void Form1.Form1_FormClosing(object sender, FormClosingEventArgs e)' doesn't match the target delegate 'FormClosingEventHandler' (possibly because of nullability attributes). [D:\QuanLyQuanNet\ServerAdmin\ServerAdmin.csproj]
D:\QuanLyQuanNet\ServerAdmin\Form1.cs(9,12): warning CS8618: Non-nullable field '_server' must contain a non-null value when exiting constructor. Consider adding the 'required' modifier or declaring the field as nullable. [D:\QuanLyQuanNet\ServerAdmin\ServerAdmin.csproj]
D:\QuanLyQuanNet\ServerAdmin\Form1.cs(9,12): warning CS8618: Non-nullable field 'pnlComputers' must contain a non-null value when exiting constructor. Consider adding the 'required' modifier or declaring the field as nullable. [D:\QuanLyQuanNet\ServerAdmin\ServerAdmin.csproj]
D:\QuanLyQuanNet\ServerAdmin\Form1.cs(9,12): warning CS8618: Non-nullable field 'txtLog' must contain a non-null value when exiting constructor. Consider adding the 'required' modifier or declaring the field as nullable. [D:\QuanLyQuanNet\ServerAdmin\ServerAdmin.csproj]
D:\QuanLyQuanNet\ServerAdmin\NetworkServer.cs(23,16): warning CS8618: Non-nullable field '_listener' must contain a non-null value when exiting constructor. Consider adding the 'required' modifier or declaring the field as nullable. [D:\QuanLyQuanNet\ServerAdmin\ServerAdmin.csproj]
D:\QuanLyQuanNet\ServerAdmin\NetworkServer.cs(23,16): warning CS8618: Non-nullable event 'OnLogMessage' must contain a non-null value when exiting constructor. Consider adding the 'required' modifier or declaring the event as nullable. [D:\QuanLyQuanNet\ServerAdmin\ServerAdmin.csproj]
D:\QuanLyQuanNet\ServerAdmin\NetworkServer.cs(23,16): warning CS8618: Non-nullable event 'OnComputerStatusChanged' must contain a non-null value when exiting constructor. Consider adding the 'required' modifier or declaring the event as nullable. [D:\QuanLyQuanNet\ServerAdmin\ServerAdmin.csproj]
D:\QuanLyQuanNet\ServerAdmin\Form1.cs(69,30): warning CS8622: Nullability of reference types in type of parameter 'sender' of 'void Form1.ComputerBtn_Click(object sender, EventArgs e)' doesn't match the target delegate 'EventHandler' (possibly because of nullability attributes). [D:\QuanLyQuanNet\ServerAdmin\ServerAdmin.csproj]
D:\QuanLyQuanNet\ServerAdmin\NetworkServer.cs(79,39): warning CS8600: Converting null literal or possible null value to non-nullable type. [D:\QuanLyQuanNet\ServerAdmin\ServerAdmin.csproj]
D:\QuanLyQuanNet\ServerAdmin\Form1.cs(139,73): error CS0246: The type or namespace name 'User' could not be found (are you missing a using directive or an assembly reference?) [D:\QuanLyQuanNet\ServerAdmin\ServerAdmin.csproj]
D:\QuanLyQuanNet\ServerAdmin\Form1.cs(161,24): error CS1061: 'SqliteConnection' does not contain a definition for 'Execute' and no accessible extension method 'Execute' accepting a first argument of type 'SqliteConnection' could be found (are you missing a using directive or an assembly reference?) [D:\QuanLyQuanNet\ServerAdmin\ServerAdmin.csproj]

Build FAILED.

D:\QuanLyQuanNet\ServerAdmin\NetworkServer.cs(192,23): warning CS8618: Non-nullable property 'Action' must contain a non-null value when exiting constructor. Consider adding the 'required' modifier or declaring the property as nullable. [D:\QuanLyQuanNet\ServerAdmin\ServerAdmin.csproj]
D:\QuanLyQuanNet\ServerAdmin\NetworkServer.cs(193,23): warning CS8618: Non-nullable property 'Payload' must contain a non-null value when exiting constructor. Consider adding the 'required' modifier or declaring the property as nullable. [D:\QuanLyQuanNet\ServerAdmin\ServerAdmin.csproj]
D:\QuanLyQuanNet\ServerAdmin\NetworkServer.cs(198,23): warning CS8618: Non-nullable property 'Username' must contain a non-null value when exiting constructor. Consider adding the 'required' modifier or declaring the property as nullable. [D:\QuanLyQuanNet\ServerAdmin\ServerAdmin.csproj]
D:\QuanLyQuanNet\ServerAdmin\NetworkServer.cs(199,23): warning CS8618: Non-nullable property 'Password' must contain a non-null value when exiting constructor. Consider adding the 'required' modifier or declaring the property as nullable. [D:\QuanLyQuanNet\ServerAdmin\ServerAdmin.csproj]
D:\QuanLyQuanNet\ServerAdmin\Form1.cs(14,22): warning CS8622: Nullability of reference types in type of parameter 'sender' of 'void Form1.Form1_Load(object sender, EventArgs e)' doesn't match the target delegate 'EventHandler' (possibly because of nullability attributes). [D:\QuanLyQuanNet\ServerAdmin\ServerAdmin.csproj]
D:\QuanLyQuanNet\ServerAdmin\Form1.cs(15,29): warning CS8622: Nullability of reference types in type of parameter 'sender' of 'void Form1.Form1_FormClosing(object sender, FormClosingEventArgs e)' doesn't match the target delegate 'FormClosingEventHandler' (possibly because of nullability attributes). [D:\QuanLyQuanNet\ServerAdmin\ServerAdmin.csproj]
D:\QuanLyQuanNet\ServerAdmin\Form1.cs(9,12): warning CS8618: Non-nullable field '_server' must contain a non-null value when exiting constructor. Consider adding the 'required' modifier or declaring the field as nullable. [D:\QuanLyQuanNet\ServerAdmin\ServerAdmin.csproj]
D:\QuanLyQuanNet\ServerAdmin\Form1.cs(9,12): warning CS8618: Non-nullable field 'pnlComputers' must contain a non-null value when exiting constructor. Consider adding the 'required' modifier or declaring the field as nullable. [D:\QuanLyQuanNet\ServerAdmin\ServerAdmin.csproj]
D:\QuanLyQuanNet\ServerAdmin\Form1.cs(9,12): warning CS8618: Non-nullable field 'txtLog' must contain a non-null value when exiting constructor. Consider adding the 'required' modifier or declaring the field as nullable. [D:\QuanLyQuanNet\ServerAdmin\ServerAdmin.csproj]
D:\QuanLyQuanNet\ServerAdmin\NetworkServer.cs(23,16): warning CS8618: Non-nullable field '_listener' must contain a non-null value when exiting constructor. Consider adding the 'required' modifier or declaring the field as nullable. [D:\QuanLyQuanNet\ServerAdmin\ServerAdmin.csproj]
D:\QuanLyQuanNet\ServerAdmin\NetworkServer.cs(23,16): warning CS8618: Non-nullable event 'OnLogMessage' must contain a non-null value when exiting constructor. Consider adding the 'required' modifier or declaring the event as nullable. [D:\QuanLyQuanNet\ServerAdmin\ServerAdmin.csproj]
D:\QuanLyQuanNet\ServerAdmin\NetworkServer.cs(23,16): warning CS8618: Non-nullable event 'OnComputerStatusChanged' must contain a non-null value when exiting constructor. Consider adding the 'required' modifier or declaring the event as nullable. [D:\QuanLyQuanNet\ServerAdmin\ServerAdmin.csproj]
D:\QuanLyQuanNet\ServerAdmin\Form1.cs(69,30): warning CS8622: Nullability of reference types in type of parameter 'sender' of 'void Form1.ComputerBtn_Click(object sender, EventArgs e)' doesn't match the target delegate 'EventHandler' (possibly because of nullability attributes). [D:\QuanLyQuanNet\ServerAdmin\ServerAdmin.csproj]
D:\QuanLyQuanNet\ServerAdmin\NetworkServer.cs(79,39): warning CS8600: Converting null literal or possible null value to non-nullable type. [D:\QuanLyQuanNet\ServerAdmin\ServerAdmin.csproj]
D:\QuanLyQuanNet\ServerAdmin\Form1.cs(139,73): error CS0246: The type or namespace name 'User' could not be found (are you missing a using directive or an assembly reference?) [D:\QuanLyQuanNet\ServerAdmin\ServerAdmin.csproj]
D:\QuanLyQuanNet\ServerAdmin\Form1.cs(161,24): error CS1061: 'SqliteConnection' does not contain a definition for 'Execute' and no accessible extension method 'Execute' accepting a first argument of type 'SqliteConnection' could be found (are you missing a using directive or an assembly reference?) [D:\QuanLyQuanNet\ServerAdmin\ServerAdmin.csproj]
    14 Warning(s)
    2 Error(s)

Time Elapsed 00:00:01.79
